{"/Users/mpericica/Repositories/aem-experience-hub-ext-tpl/src/index.js": {"path":"/Users/mpericica/Repositories/aem-experience-hub-ext-tpl/src/index.js","statementMap":{"0":{"start":{"line":13,"column":18},"end":{"line":13,"column":45}},"1":{"start":{"line":14,"column":13},"end":{"line":14,"column":28}},"2":{"start":{"line":18,"column":4},"end":{"line":18,"column":22}},"3":{"start":{"line":20,"column":4},"end":{"line":20,"column":64}},"4":{"start":{"line":21,"column":4},"end":{"line":21,"column":63}},"5":{"start":{"line":23,"column":4},"end":{"line":26,"column":6}},"6":{"start":{"line":30,"column":20},"end":{"line":43,"column":6}},"7":{"start":{"line":45,"column":4},"end":{"line":45,"column":64}},"8":{"start":{"line":46,"column":4},"end":{"line":46,"column":64}},"9":{"start":{"line":50,"column":4},"end":{"line":50,"column":58}},"10":{"start":{"line":54,"column":23},"end":{"line":54,"column":44}},"11":{"start":{"line":56,"column":4},"end":{"line":58,"column":5}},"12":{"start":{"line":57,"column":6},"end":{"line":57,"column":61}},"13":{"start":{"line":60,"column":4},"end":{"line":72,"column":6}},"14":{"start":{"line":70,"column":37},"end":{"line":70,"column":74}},"15":{"start":{"line":75,"column":4},"end":{"line":75,"column":45}},"16":{"start":{"line":75,"column":38},"end":{"line":75,"column":45}},"17":{"start":{"line":77,"column":4},"end":{"line":77,"column":79}},"18":{"start":{"line":79,"column":4},"end":{"line":79,"column":99}},"19":{"start":{"line":83,"column":4},"end":{"line":83,"column":62}},"20":{"start":{"line":84,"column":4},"end":{"line":84,"column":64}},"21":{"start":{"line":88,"column":0},"end":{"line":88,"column":30}}},"fnMap":{"0":{"name":"(anonymous_0)","decl":{"start":{"line":17,"column":2},"end":{"line":17,"column":3}},"loc":{"start":{"line":17,"column":26},"end":{"line":27,"column":3}},"line":17},"1":{"name":"(anonymous_1)","decl":{"start":{"line":29,"column":2},"end":{"line":29,"column":3}},"loc":{"start":{"line":29,"column":20},"end":{"line":47,"column":3}},"line":29},"2":{"name":"(anonymous_2)","decl":{"start":{"line":49,"column":2},"end":{"line":49,"column":3}},"loc":{"start":{"line":49,"column":23},"end":{"line":51,"column":3}},"line":49},"3":{"name":"(anonymous_3)","decl":{"start":{"line":53,"column":2},"end":{"line":53,"column":3}},"loc":{"start":{"line":53,"column":12},"end":{"line":73,"column":3}},"line":53},"4":{"name":"(anonymous_4)","decl":{"start":{"line":70,"column":32},"end":{"line":70,"column":33}},"loc":{"start":{"line":70,"column":37},"end":{"line":70,"column":74}},"line":70},"5":{"name":"(anonymous_5)","decl":{"start":{"line":74,"column":2},"end":{"line":74,"column":3}},"loc":{"start":{"line":74,"column":12},"end":{"line":80,"column":3}},"line":74},"6":{"name":"(anonymous_6)","decl":{"start":{"line":82,"column":2},"end":{"line":82,"column":3}},"loc":{"start":{"line":82,"column":8},"end":{"line":85,"column":3}},"line":82}},"branchMap":{"0":{"loc":{"start":{"line":35,"column":17},"end":{"line":35,"column":75}},"type":"binary-expr","locations":[{"start":{"line":35,"column":17},"end":{"line":35,"column":38}},{"start":{"line":35,"column":42},"end":{"line":35,"column":75}}],"line":35},"1":{"loc":{"start":{"line":41,"column":17},"end":{"line":41,"column":51}},"type":"binary-expr","locations":[{"start":{"line":41,"column":17},"end":{"line":41,"column":39}},{"start":{"line":41,"column":43},"end":{"line":41,"column":51}}],"line":41},"2":{"loc":{"start":{"line":45,"column":30},"end":{"line":45,"column":55}},"type":"binary-expr","locations":[{"start":{"line":45,"column":30},"end":{"line":45,"column":48}},{"start":{"line":45,"column":52},"end":{"line":45,"column":55}}],"line":45},"3":{"loc":{"start":{"line":46,"column":30},"end":{"line":46,"column":55}},"type":"binary-expr","locations":[{"start":{"line":46,"column":30},"end":{"line":46,"column":49}},{"start":{"line":46,"column":53},"end":{"line":46,"column":55}}],"line":46},"4":{"loc":{"start":{"line":56,"column":4},"end":{"line":58,"column":5}},"type":"if","locations":[{"start":{"line":56,"column":4},"end":{"line":58,"column":5}},{"start":{},"end":{}}],"line":56},"5":{"loc":{"start":{"line":75,"column":4},"end":{"line":75,"column":45}},"type":"if","locations":[{"start":{"line":75,"column":4},"end":{"line":75,"column":45}},{"start":{},"end":{}}],"line":75}},"s":{"0":1,"1":1,"2":1,"3":1,"4":1,"5":1,"6":1,"7":1,"8":1,"9":1,"10":1,"11":1,"12":1,"13":1,"14":36,"15":1,"16":1,"17":0,"18":0,"19":1,"20":1,"21":1},"f":{"0":1,"1":1,"2":1,"3":1,"4":36,"5":1,"6":1},"b":{"0":[1,0],"1":[1,0],"2":[1,0],"3":[1,0],"4":[1,0],"5":[1,0]},"_coverageSchema":"1a1c01bbd47fc00a2c39e90264f33305004495a9","hash":"ff593d483af70346725e7232c0d968c6cf75deac"}
,"/Users/mpericica/Repositories/aem-experience-hub-ext-tpl/src/templates/index.js": {"path":"/Users/mpericica/Repositories/aem-experience-hub-ext-tpl/src/templates/index.js","statementMap":{},"fnMap":{},"branchMap":{},"s":{},"f":{},"b":{}}
,"/Users/mpericica/Repositories/aem-experience-hub-ext-tpl/src/templates/jest.setup.js": {"path":"/Users/mpericica/Repositories/aem-experience-hub-ext-tpl/src/templates/jest.setup.js","statementMap":{"0":{"start":{"line":5,"column":0},"end":{"line":5,"column":22}},"1":{"start":{"line":7,"column":0},"end":{"line":7,"column":21}},"2":{"start":{"line":8,"column":0},"end":{"line":8,"column":20}}},"fnMap":{"0":{"name":"(anonymous_0)","decl":{"start":{"line":7,"column":11},"end":{"line":7,"column":12}},"loc":{"start":{"line":7,"column":17},"end":{"line":7,"column":20}},"line":7},"1":{"name":"(anonymous_1)","decl":{"start":{"line":8,"column":10},"end":{"line":8,"column":11}},"loc":{"start":{"line":8,"column":16},"end":{"line":8,"column":19}},"line":8}},"branchMap":{},"s":{"0":0,"1":0,"2":0},"f":{"0":0,"1":0},"b":{}}
,"/Users/mpericica/Repositories/aem-experience-hub-ext-tpl/src/templates/actions/utils.js": {"path":"/Users/mpericica/Repositories/aem-experience-hub-ext-tpl/src/templates/actions/utils.js","statementMap":{"0":{"start":{"line":19,"column":16},"end":{"line":19,"column":41}},"1":{"start":{"line":20,"column":2},"end":{"line":22,"column":3}},"2":{"start":{"line":21,"column":4},"end":{"line":21,"column":55}},"3":{"start":{"line":23,"column":2},"end":{"line":23,"column":61}},"4":{"start":{"line":40,"column":2},"end":{"line":45,"column":4}},"5":{"start":{"line":41,"column":19},"end":{"line":41,"column":31}},"6":{"start":{"line":42,"column":17},"end":{"line":42,"column":42}},"7":{"start":{"line":43,"column":21},"end":{"line":43,"column":114}},"8":{"start":{"line":43,"column":67},"end":{"line":43,"column":94}},"9":{"start":{"line":43,"column":95},"end":{"line":43,"column":106}},"10":{"start":{"line":44,"column":4},"end":{"line":44,"column":64}},"11":{"start":{"line":63,"column":21},"end":{"line":63,"column":25}},"12":{"start":{"line":66,"column":2},"end":{"line":66,"column":61}},"13":{"start":{"line":66,"column":45},"end":{"line":66,"column":60}},"14":{"start":{"line":68,"column":25},"end":{"line":68,"column":83}},"15":{"start":{"line":69,"column":2},"end":{"line":71,"column":3}},"16":{"start":{"line":70,"column":4},"end":{"line":70,"column":58}},"17":{"start":{"line":74,"column":24},"end":{"line":74,"column":62}},"18":{"start":{"line":75,"column":2},"end":{"line":82,"column":3}},"19":{"start":{"line":76,"column":4},"end":{"line":80,"column":5}},"20":{"start":{"line":77,"column":6},"end":{"line":77,"column":29}},"21":{"start":{"line":79,"column":6},"end":{"line":79,"column":23}},"22":{"start":{"line":81,"column":4},"end":{"line":81,"column":61}},"23":{"start":{"line":84,"column":2},"end":{"line":84,"column":21}},"24":{"start":{"line":97,"column":2},"end":{"line":101,"column":3}},"25":{"start":{"line":100,"column":4},"end":{"line":100,"column":72}},"26":{"start":{"line":102,"column":2},"end":{"line":102,"column":18}},"27":{"start":{"line":119,"column":2},"end":{"line":121,"column":3}},"28":{"start":{"line":120,"column":4},"end":{"line":120,"column":44}},"29":{"start":{"line":122,"column":2},"end":{"line":129,"column":3}},"30":{"start":{"line":132,"column":0},"end":{"line":137,"column":1}}},"fnMap":{"0":{"name":"stringParameters","decl":{"start":{"line":17,"column":9},"end":{"line":17,"column":25}},"loc":{"start":{"line":17,"column":35},"end":{"line":24,"column":1}},"line":17},"1":{"name":"getMissingKeys","decl":{"start":{"line":39,"column":9},"end":{"line":39,"column":23}},"loc":{"start":{"line":39,"column":40},"end":{"line":46,"column":1}},"line":39},"2":{"name":"(anonymous_2)","decl":{"start":{"line":40,"column":25},"end":{"line":40,"column":26}},"loc":{"start":{"line":40,"column":30},"end":{"line":45,"column":3}},"line":40},"3":{"name":"(anonymous_3)","decl":{"start":{"line":43,"column":48},"end":{"line":43,"column":49}},"loc":{"start":{"line":43,"column":65},"end":{"line":43,"column":108}},"line":43},"4":{"name":"checkMissingRequestInputs","decl":{"start":{"line":62,"column":9},"end":{"line":62,"column":34}},"loc":{"start":{"line":62,"column":87},"end":{"line":85,"column":1}},"line":62},"5":{"name":"(anonymous_5)","decl":{"start":{"line":66,"column":40},"end":{"line":66,"column":41}},"loc":{"start":{"line":66,"column":45},"end":{"line":66,"column":60}},"line":66},"6":{"name":"getBearerToken","decl":{"start":{"line":96,"column":9},"end":{"line":96,"column":23}},"loc":{"start":{"line":96,"column":33},"end":{"line":103,"column":1}},"line":96},"7":{"name":"errorResponse","decl":{"start":{"line":118,"column":9},"end":{"line":118,"column":22}},"loc":{"start":{"line":118,"column":53},"end":{"line":130,"column":1}},"line":118}},"branchMap":{"0":{"loc":{"start":{"line":19,"column":16},"end":{"line":19,"column":41}},"type":"binary-expr","locations":[{"start":{"line":19,"column":16},"end":{"line":19,"column":35}},{"start":{"line":19,"column":39},"end":{"line":19,"column":41}}],"line":19},"1":{"loc":{"start":{"line":20,"column":2},"end":{"line":22,"column":3}},"type":"if","locations":[{"start":{"line":20,"column":2},"end":{"line":22,"column":3}},{"start":{},"end":{}}],"line":20},"2":{"loc":{"start":{"line":43,"column":75},"end":{"line":43,"column":92}},"type":"binary-expr","locations":[{"start":{"line":43,"column":75},"end":{"line":43,"column":86}},{"start":{"line":43,"column":90},"end":{"line":43,"column":92}}],"line":43},"3":{"loc":{"start":{"line":44,"column":11},"end":{"line":44,"column":64}},"type":"binary-expr","locations":[{"start":{"line":44,"column":11},"end":{"line":44,"column":39}},{"start":{"line":44,"column":43},"end":{"line":44,"column":64}}],"line":44},"4":{"loc":{"start":{"line":62,"column":44},"end":{"line":62,"column":63}},"type":"default-arg","locations":[{"start":{"line":62,"column":61},"end":{"line":62,"column":63}}],"line":62},"5":{"loc":{"start":{"line":62,"column":65},"end":{"line":62,"column":85}},"type":"default-arg","locations":[{"start":{"line":62,"column":83},"end":{"line":62,"column":85}}],"line":62},"6":{"loc":{"start":{"line":68,"column":40},"end":{"line":68,"column":65}},"type":"binary-expr","locations":[{"start":{"line":68,"column":40},"end":{"line":68,"column":59}},{"start":{"line":68,"column":63},"end":{"line":68,"column":65}}],"line":68},"7":{"loc":{"start":{"line":69,"column":2},"end":{"line":71,"column":3}},"type":"if","locations":[{"start":{"line":69,"column":2},"end":{"line":71,"column":3}},{"start":{},"end":{}}],"line":69},"8":{"loc":{"start":{"line":75,"column":2},"end":{"line":82,"column":3}},"type":"if","locations":[{"start":{"line":75,"column":2},"end":{"line":82,"column":3}},{"start":{},"end":{}}],"line":75},"9":{"loc":{"start":{"line":76,"column":4},"end":{"line":80,"column":5}},"type":"if","locations":[{"start":{"line":76,"column":4},"end":{"line":80,"column":5}},{"start":{"line":78,"column":11},"end":{"line":80,"column":5}}],"line":76},"10":{"loc":{"start":{"line":97,"column":2},"end":{"line":101,"column":3}},"type":"if","locations":[{"start":{"line":97,"column":2},"end":{"line":101,"column":3}},{"start":{},"end":{}}],"line":97},"11":{"loc":{"start":{"line":97,"column":6},"end":{"line":99,"column":61}},"type":"binary-expr","locations":[{"start":{"line":97,"column":6},"end":{"line":97,"column":25}},{"start":{"line":98,"column":6},"end":{"line":98,"column":39}},{"start":{"line":99,"column":6},"end":{"line":99,"column":61}}],"line":97},"12":{"loc":{"start":{"line":119,"column":2},"end":{"line":121,"column":3}},"type":"if","locations":[{"start":{"line":119,"column":2},"end":{"line":121,"column":3}},{"start":{},"end":{}}],"line":119},"13":{"loc":{"start":{"line":119,"column":6},"end":{"line":119,"column":49}},"type":"binary-expr","locations":[{"start":{"line":119,"column":6},"end":{"line":119,"column":12}},{"start":{"line":119,"column":16},"end":{"line":119,"column":49}}],"line":119}},"s":{"0":14,"1":14,"2":11,"3":14,"4":44,"5":60,"6":60,"7":60,"8":7,"9":7,"10":60,"11":22,"12":22,"13":22,"14":22,"15":22,"16":4,"17":22,"18":22,"19":6,"20":2,"21":4,"22":6,"23":22,"24":15,"25":11,"26":4,"27":8,"28":7,"29":8,"30":3},"f":{"0":14,"1":44,"2":60,"3":7,"4":22,"5":22,"6":15,"7":8},"b":{"0":[14,2],"1":[11,3],"2":[7,1],"3":[60,44],"4":[1],"5":[8],"6":[22,11],"7":[4,18],"8":[6,16],"9":[2,4],"10":[11,4],"11":[15,14,13],"12":[7,1],"13":[8,7]},"_coverageSchema":"1a1c01bbd47fc00a2c39e90264f33305004495a9","hash":"9306a7e9af34f1ba1b222503fe31ee793e57bb25"}
,"/Users/mpericica/Repositories/aem-experience-hub-ext-tpl/src/templates/actions/generic/index.js": {"path":"/Users/mpericica/Repositories/aem-experience-hub-ext-tpl/src/templates/actions/generic/index.js","statementMap":{"0":{"start":{"line":17,"column":14},"end":{"line":17,"column":35}},"1":{"start":{"line":18,"column":17},"end":{"line":18,"column":42}},"2":{"start":{"line":19,"column":87},"end":{"line":19,"column":106}},"3":{"start":{"line":24,"column":17},"end":{"line":24,"column":75}},"4":{"start":{"line":26,"column":2},"end":{"line":67,"column":3}},"5":{"start":{"line":28,"column":4},"end":{"line":28,"column":42}},"6":{"start":{"line":31,"column":4},"end":{"line":31,"column":42}},"7":{"start":{"line":34,"column":27},"end":{"line":34,"column":54}},"8":{"start":{"line":35,"column":28},"end":{"line":35,"column":45}},"9":{"start":{"line":36,"column":25},"end":{"line":36,"column":91}},"10":{"start":{"line":37,"column":4},"end":{"line":40,"column":5}},"11":{"start":{"line":39,"column":6},"end":{"line":39,"column":53}},"12":{"start":{"line":43,"column":18},"end":{"line":43,"column":40}},"13":{"start":{"line":46,"column":24},"end":{"line":46,"column":59}},"14":{"start":{"line":49,"column":16},"end":{"line":49,"column":40}},"15":{"start":{"line":50,"column":4},"end":{"line":52,"column":5}},"16":{"start":{"line":51,"column":6},"end":{"line":51,"column":93}},"17":{"start":{"line":53,"column":20},"end":{"line":53,"column":36}},"18":{"start":{"line":54,"column":21},"end":{"line":57,"column":5}},"19":{"start":{"line":60,"column":4},"end":{"line":60,"column":61}},"20":{"start":{"line":61,"column":4},"end":{"line":61,"column":19}},"21":{"start":{"line":64,"column":4},"end":{"line":64,"column":23}},"22":{"start":{"line":66,"column":4},"end":{"line":66,"column":53}},"23":{"start":{"line":70,"column":0},"end":{"line":70,"column":19}}},"fnMap":{"0":{"name":"main","decl":{"start":{"line":22,"column":15},"end":{"line":22,"column":19}},"loc":{"start":{"line":22,"column":29},"end":{"line":68,"column":1}},"line":22}},"branchMap":{"0":{"loc":{"start":{"line":24,"column":46},"end":{"line":24,"column":72}},"type":"binary-expr","locations":[{"start":{"line":24,"column":46},"end":{"line":24,"column":62}},{"start":{"line":24,"column":66},"end":{"line":24,"column":72}}],"line":24},"1":{"loc":{"start":{"line":37,"column":4},"end":{"line":40,"column":5}},"type":"if","locations":[{"start":{"line":37,"column":4},"end":{"line":40,"column":5}},{"start":{},"end":{}}],"line":37},"2":{"loc":{"start":{"line":50,"column":4},"end":{"line":52,"column":5}},"type":"if","locations":[{"start":{"line":50,"column":4},"end":{"line":52,"column":5}},{"start":{},"end":{}}],"line":50}},"s":{"0":1,"1":1,"2":1,"3":5,"4":5,"5":5,"6":5,"7":5,"8":5,"9":5,"10":5,"11":1,"12":4,"13":4,"14":4,"15":3,"16":1,"17":1,"18":1,"19":1,"20":1,"21":3,"22":3,"23":1},"f":{"0":5},"b":{"0":[5,4],"1":[1,4],"2":[1,1]},"_coverageSchema":"1a1c01bbd47fc00a2c39e90264f33305004495a9","hash":"620a4e16859a028a8d7d28dfda66fb18f387a7cf"}
,"/Users/mpericica/Repositories/aem-experience-hub-ext-tpl/src/templates/actions/publish-events/index.js": {"path":"/Users/mpericica/Repositories/aem-experience-hub-ext-tpl/src/templates/actions/publish-events/index.js","statementMap":{"0":{"start":{"line":17,"column":25},"end":{"line":17,"column":50}},"1":{"start":{"line":18,"column":13},"end":{"line":18,"column":28}},"2":{"start":{"line":21,"column":4},"end":{"line":21,"column":26}},"3":{"start":{"line":22,"column":87},"end":{"line":22,"column":106}},"4":{"start":{"line":27,"column":17},"end":{"line":27,"column":75}},"5":{"start":{"line":29,"column":2},"end":{"line":77,"column":3}},"6":{"start":{"line":31,"column":4},"end":{"line":31,"column":42}},"7":{"start":{"line":34,"column":4},"end":{"line":34,"column":42}},"8":{"start":{"line":37,"column":27},"end":{"line":37,"column":75}},"9":{"start":{"line":38,"column":28},"end":{"line":38,"column":64}},"10":{"start":{"line":39,"column":25},"end":{"line":39,"column":91}},"11":{"start":{"line":40,"column":4},"end":{"line":43,"column":5}},"12":{"start":{"line":42,"column":6},"end":{"line":42,"column":53}},"13":{"start":{"line":46,"column":18},"end":{"line":46,"column":40}},"14":{"start":{"line":50,"column":18},"end":{"line":50,"column":56}},"15":{"start":{"line":51,"column":25},"end":{"line":51,"column":71}},"16":{"start":{"line":54,"column":23},"end":{"line":54,"column":92}},"17":{"start":{"line":57,"column":22},"end":{"line":57,"column":65}},"18":{"start":{"line":58,"column":21},"end":{"line":58,"column":24}},"19":{"start":{"line":59,"column":4},"end":{"line":64,"column":5}},"20":{"start":{"line":60,"column":6},"end":{"line":60,"column":57}},"21":{"start":{"line":61,"column":11},"end":{"line":64,"column":5}},"22":{"start":{"line":62,"column":6},"end":{"line":62,"column":88}},"23":{"start":{"line":63,"column":6},"end":{"line":63,"column":22}},"24":{"start":{"line":65,"column":21},"end":{"line":67,"column":5}},"25":{"start":{"line":70,"column":4},"end":{"line":70,"column":61}},"26":{"start":{"line":71,"column":4},"end":{"line":71,"column":19}},"27":{"start":{"line":74,"column":4},"end":{"line":74,"column":23}},"28":{"start":{"line":76,"column":4},"end":{"line":76,"column":53}},"29":{"start":{"line":81,"column":19},"end":{"line":87,"column":4}},"30":{"start":{"line":88,"column":2},"end":{"line":88,"column":19}},"31":{"start":{"line":90,"column":0},"end":{"line":90,"column":19}}},"fnMap":{"0":{"name":"main","decl":{"start":{"line":25,"column":15},"end":{"line":25,"column":19}},"loc":{"start":{"line":25,"column":29},"end":{"line":78,"column":1}},"line":25},"1":{"name":"createCloudEvent","decl":{"start":{"line":80,"column":9},"end":{"line":80,"column":25}},"loc":{"start":{"line":80,"column":58},"end":{"line":89,"column":1}},"line":80}},"branchMap":{"0":{"loc":{"start":{"line":27,"column":46},"end":{"line":27,"column":72}},"type":"binary-expr","locations":[{"start":{"line":27,"column":46},"end":{"line":27,"column":62}},{"start":{"line":27,"column":66},"end":{"line":27,"column":72}}],"line":27},"1":{"loc":{"start":{"line":40,"column":4},"end":{"line":43,"column":5}},"type":"if","locations":[{"start":{"line":40,"column":4},"end":{"line":43,"column":5}},{"start":{},"end":{}}],"line":40},"2":{"loc":{"start":{"line":59,"column":4},"end":{"line":64,"column":5}},"type":"if","locations":[{"start":{"line":59,"column":4},"end":{"line":64,"column":5}},{"start":{"line":61,"column":11},"end":{"line":64,"column":5}}],"line":59},"3":{"loc":{"start":{"line":61,"column":11},"end":{"line":64,"column":5}},"type":"if","locations":[{"start":{"line":61,"column":11},"end":{"line":64,"column":5}},{"start":{},"end":{}}],"line":61}},"s":{"0":1,"1":1,"2":1,"3":1,"4":6,"5":6,"6":6,"7":6,"8":6,"9":6,"10":6,"11":6,"12":1,"13":5,"14":5,"15":5,"16":5,"17":5,"18":4,"19":4,"20":1,"21":3,"22":3,"23":3,"24":4,"25":4,"26":4,"27":1,"28":1,"29":5,"30":5,"31":1},"f":{"0":6,"1":5},"b":{"0":[6,5],"1":[1,5],"2":[1,3],"3":[3,0]},"_coverageSchema":"1a1c01bbd47fc00a2c39e90264f33305004495a9","hash":"372dcb4fc68e63f7c0df164d3cd7b709324773bb"}
,"/Users/mpericica/Repositories/aem-experience-hub-ext-tpl/src/templates/hooks/post-deploy.js": {"path":"/Users/mpericica/Repositories/aem-experience-hub-ext-tpl/src/templates/hooks/post-deploy.js","statementMap":{"0":{"start":{"line":5,"column":14},"end":{"line":5,"column":30}},"1":{"start":{"line":6,"column":11},"end":{"line":6,"column":24}},"2":{"start":{"line":7,"column":13},"end":{"line":7,"column":31}},"3":{"start":{"line":9,"column":0},"end":{"line":33,"column":2}},"4":{"start":{"line":10,"column":2},"end":{"line":32,"column":3}},"5":{"start":{"line":12,"column":21},"end":{"line":12,"column":78}},"6":{"start":{"line":13,"column":21},"end":{"line":13,"column":40}},"7":{"start":{"line":14,"column":27},"end":{"line":14,"column":35}},"8":{"start":{"line":17,"column":22},"end":{"line":17,"column":48}},"9":{"start":{"line":18,"column":24},"end":{"line":21,"column":5}},"10":{"start":{"line":24,"column":30},"end":{"line":24,"column":89}},"11":{"start":{"line":25,"column":4},"end":{"line":25,"column":131}},"12":{"start":{"line":28,"column":16},"end":{"line":28,"column":67}},"13":{"start":{"line":29,"column":4},"end":{"line":29,"column":137}}},"fnMap":{"0":{"name":"(anonymous_0)","decl":{"start":{"line":9,"column":17},"end":{"line":9,"column":18}},"loc":{"start":{"line":9,"column":29},"end":{"line":33,"column":1}},"line":9}},"branchMap":{"0":{"loc":{"start":{"line":28,"column":16},"end":{"line":28,"column":67}},"type":"cond-expr","locations":[{"start":{"line":28,"column":54},"end":{"line":28,"column":62}},{"start":{"line":28,"column":65},"end":{"line":28,"column":67}}],"line":28}},"s":{"0":0,"1":0,"2":0,"3":0,"4":0,"5":0,"6":0,"7":0,"8":0,"9":0,"10":0,"11":0,"12":0,"13":0},"f":{"0":0},"b":{"0":[0,0]}}
,"/Users/mpericica/Repositories/aem-experience-hub-ext-tpl/src/templates/src/aem-launchpad-1/actions/utils.js": {"path":"/Users/mpericica/Repositories/aem-experience-hub-ext-tpl/src/templates/src/aem-launchpad-1/actions/utils.js","statementMap":{"0":{"start":{"line":19,"column":18},"end":{"line":19,"column":43}},"1":{"start":{"line":20,"column":4},"end":{"line":22,"column":5}},"2":{"start":{"line":21,"column":6},"end":{"line":21,"column":57}},"3":{"start":{"line":23,"column":4},"end":{"line":23,"column":63}},"4":{"start":{"line":40,"column":4},"end":{"line":45,"column":6}},"5":{"start":{"line":41,"column":21},"end":{"line":41,"column":33}},"6":{"start":{"line":42,"column":19},"end":{"line":42,"column":44}},"7":{"start":{"line":43,"column":23},"end":{"line":43,"column":116}},"8":{"start":{"line":43,"column":69},"end":{"line":43,"column":96}},"9":{"start":{"line":43,"column":97},"end":{"line":43,"column":108}},"10":{"start":{"line":44,"column":6},"end":{"line":44,"column":66}},"11":{"start":{"line":63,"column":23},"end":{"line":63,"column":27}},"12":{"start":{"line":66,"column":4},"end":{"line":66,"column":63}},"13":{"start":{"line":66,"column":47},"end":{"line":66,"column":62}},"14":{"start":{"line":68,"column":27},"end":{"line":68,"column":85}},"15":{"start":{"line":69,"column":4},"end":{"line":71,"column":5}},"16":{"start":{"line":70,"column":6},"end":{"line":70,"column":60}},"17":{"start":{"line":74,"column":26},"end":{"line":74,"column":64}},"18":{"start":{"line":75,"column":4},"end":{"line":82,"column":5}},"19":{"start":{"line":76,"column":6},"end":{"line":80,"column":7}},"20":{"start":{"line":77,"column":8},"end":{"line":77,"column":31}},"21":{"start":{"line":79,"column":8},"end":{"line":79,"column":25}},"22":{"start":{"line":81,"column":6},"end":{"line":81,"column":63}},"23":{"start":{"line":84,"column":4},"end":{"line":84,"column":23}},"24":{"start":{"line":97,"column":4},"end":{"line":101,"column":5}},"25":{"start":{"line":100,"column":6},"end":{"line":100,"column":74}},"26":{"start":{"line":102,"column":4},"end":{"line":102,"column":20}},"27":{"start":{"line":119,"column":4},"end":{"line":121,"column":5}},"28":{"start":{"line":120,"column":6},"end":{"line":120,"column":46}},"29":{"start":{"line":122,"column":4},"end":{"line":129,"column":5}},"30":{"start":{"line":132,"column":2},"end":{"line":137,"column":3}}},"fnMap":{"0":{"name":"stringParameters","decl":{"start":{"line":17,"column":9},"end":{"line":17,"column":25}},"loc":{"start":{"line":17,"column":35},"end":{"line":24,"column":3}},"line":17},"1":{"name":"getMissingKeys","decl":{"start":{"line":39,"column":11},"end":{"line":39,"column":25}},"loc":{"start":{"line":39,"column":42},"end":{"line":46,"column":3}},"line":39},"2":{"name":"(anonymous_2)","decl":{"start":{"line":40,"column":27},"end":{"line":40,"column":28}},"loc":{"start":{"line":40,"column":32},"end":{"line":45,"column":5}},"line":40},"3":{"name":"(anonymous_3)","decl":{"start":{"line":43,"column":50},"end":{"line":43,"column":51}},"loc":{"start":{"line":43,"column":67},"end":{"line":43,"column":110}},"line":43},"4":{"name":"checkMissingRequestInputs","decl":{"start":{"line":62,"column":11},"end":{"line":62,"column":36}},"loc":{"start":{"line":62,"column":89},"end":{"line":85,"column":3}},"line":62},"5":{"name":"(anonymous_5)","decl":{"start":{"line":66,"column":42},"end":{"line":66,"column":43}},"loc":{"start":{"line":66,"column":47},"end":{"line":66,"column":62}},"line":66},"6":{"name":"getBearerToken","decl":{"start":{"line":96,"column":11},"end":{"line":96,"column":25}},"loc":{"start":{"line":96,"column":35},"end":{"line":103,"column":3}},"line":96},"7":{"name":"errorResponse","decl":{"start":{"line":118,"column":11},"end":{"line":118,"column":24}},"loc":{"start":{"line":118,"column":55},"end":{"line":130,"column":3}},"line":118}},"branchMap":{"0":{"loc":{"start":{"line":19,"column":18},"end":{"line":19,"column":43}},"type":"binary-expr","locations":[{"start":{"line":19,"column":18},"end":{"line":19,"column":37}},{"start":{"line":19,"column":41},"end":{"line":19,"column":43}}],"line":19},"1":{"loc":{"start":{"line":20,"column":4},"end":{"line":22,"column":5}},"type":"if","locations":[{"start":{"line":20,"column":4},"end":{"line":22,"column":5}},{"start":{},"end":{}}],"line":20},"2":{"loc":{"start":{"line":43,"column":77},"end":{"line":43,"column":94}},"type":"binary-expr","locations":[{"start":{"line":43,"column":77},"end":{"line":43,"column":88}},{"start":{"line":43,"column":92},"end":{"line":43,"column":94}}],"line":43},"3":{"loc":{"start":{"line":44,"column":13},"end":{"line":44,"column":66}},"type":"binary-expr","locations":[{"start":{"line":44,"column":13},"end":{"line":44,"column":41}},{"start":{"line":44,"column":45},"end":{"line":44,"column":66}}],"line":44},"4":{"loc":{"start":{"line":62,"column":46},"end":{"line":62,"column":65}},"type":"default-arg","locations":[{"start":{"line":62,"column":63},"end":{"line":62,"column":65}}],"line":62},"5":{"loc":{"start":{"line":62,"column":67},"end":{"line":62,"column":87}},"type":"default-arg","locations":[{"start":{"line":62,"column":85},"end":{"line":62,"column":87}}],"line":62},"6":{"loc":{"start":{"line":68,"column":42},"end":{"line":68,"column":67}},"type":"binary-expr","locations":[{"start":{"line":68,"column":42},"end":{"line":68,"column":61}},{"start":{"line":68,"column":65},"end":{"line":68,"column":67}}],"line":68},"7":{"loc":{"start":{"line":69,"column":4},"end":{"line":71,"column":5}},"type":"if","locations":[{"start":{"line":69,"column":4},"end":{"line":71,"column":5}},{"start":{},"end":{}}],"line":69},"8":{"loc":{"start":{"line":75,"column":4},"end":{"line":82,"column":5}},"type":"if","locations":[{"start":{"line":75,"column":4},"end":{"line":82,"column":5}},{"start":{},"end":{}}],"line":75},"9":{"loc":{"start":{"line":76,"column":6},"end":{"line":80,"column":7}},"type":"if","locations":[{"start":{"line":76,"column":6},"end":{"line":80,"column":7}},{"start":{"line":78,"column":13},"end":{"line":80,"column":7}}],"line":76},"10":{"loc":{"start":{"line":97,"column":4},"end":{"line":101,"column":5}},"type":"if","locations":[{"start":{"line":97,"column":4},"end":{"line":101,"column":5}},{"start":{},"end":{}}],"line":97},"11":{"loc":{"start":{"line":97,"column":8},"end":{"line":99,"column":63}},"type":"binary-expr","locations":[{"start":{"line":97,"column":8},"end":{"line":97,"column":27}},{"start":{"line":98,"column":8},"end":{"line":98,"column":41}},{"start":{"line":99,"column":8},"end":{"line":99,"column":63}}],"line":97},"12":{"loc":{"start":{"line":119,"column":4},"end":{"line":121,"column":5}},"type":"if","locations":[{"start":{"line":119,"column":4},"end":{"line":121,"column":5}},{"start":{},"end":{}}],"line":119},"13":{"loc":{"start":{"line":119,"column":8},"end":{"line":119,"column":51}},"type":"binary-expr","locations":[{"start":{"line":119,"column":8},"end":{"line":119,"column":14}},{"start":{"line":119,"column":18},"end":{"line":119,"column":51}}],"line":119}},"s":{"0":0,"1":0,"2":0,"3":0,"4":0,"5":0,"6":0,"7":0,"8":0,"9":0,"10":0,"11":0,"12":0,"13":0,"14":0,"15":0,"16":0,"17":0,"18":0,"19":0,"20":0,"21":0,"22":0,"23":0,"24":0,"25":0,"26":0,"27":0,"28":0,"29":0,"30":0},"f":{"0":0,"1":0,"2":0,"3":0,"4":0,"5":0,"6":0,"7":0},"b":{"0":[0,0],"1":[0,0],"2":[0,0],"3":[0,0],"4":[0],"5":[0],"6":[0,0],"7":[0,0],"8":[0,0],"9":[0,0],"10":[0,0],"11":[0,0,0],"12":[0,0],"13":[0,0]}}
,"/Users/mpericica/Repositories/aem-experience-hub-ext-tpl/src/templates/src/aem-launchpad-1/actions/generic/index.js": {"path":"/Users/mpericica/Repositories/aem-experience-hub-ext-tpl/src/templates/src/aem-launchpad-1/actions/generic/index.js","statementMap":{"0":{"start":{"line":17,"column":14},"end":{"line":17,"column":35}},"1":{"start":{"line":18,"column":17},"end":{"line":18,"column":42}},"2":{"start":{"line":19,"column":87},"end":{"line":19,"column":106}},"3":{"start":{"line":24,"column":17},"end":{"line":24,"column":75}},"4":{"start":{"line":26,"column":2},"end":{"line":67,"column":3}},"5":{"start":{"line":28,"column":4},"end":{"line":28,"column":42}},"6":{"start":{"line":31,"column":4},"end":{"line":31,"column":42}},"7":{"start":{"line":34,"column":27},"end":{"line":34,"column":54}},"8":{"start":{"line":35,"column":28},"end":{"line":35,"column":45}},"9":{"start":{"line":36,"column":25},"end":{"line":36,"column":91}},"10":{"start":{"line":37,"column":4},"end":{"line":40,"column":5}},"11":{"start":{"line":39,"column":6},"end":{"line":39,"column":53}},"12":{"start":{"line":43,"column":18},"end":{"line":43,"column":40}},"13":{"start":{"line":46,"column":24},"end":{"line":46,"column":59}},"14":{"start":{"line":49,"column":16},"end":{"line":49,"column":40}},"15":{"start":{"line":50,"column":4},"end":{"line":52,"column":5}},"16":{"start":{"line":51,"column":6},"end":{"line":51,"column":93}},"17":{"start":{"line":53,"column":20},"end":{"line":53,"column":36}},"18":{"start":{"line":54,"column":21},"end":{"line":57,"column":5}},"19":{"start":{"line":60,"column":4},"end":{"line":60,"column":61}},"20":{"start":{"line":61,"column":4},"end":{"line":61,"column":19}},"21":{"start":{"line":64,"column":4},"end":{"line":64,"column":23}},"22":{"start":{"line":66,"column":4},"end":{"line":66,"column":53}},"23":{"start":{"line":70,"column":0},"end":{"line":70,"column":19}}},"fnMap":{"0":{"name":"main","decl":{"start":{"line":22,"column":15},"end":{"line":22,"column":19}},"loc":{"start":{"line":22,"column":29},"end":{"line":68,"column":1}},"line":22}},"branchMap":{"0":{"loc":{"start":{"line":24,"column":46},"end":{"line":24,"column":72}},"type":"binary-expr","locations":[{"start":{"line":24,"column":46},"end":{"line":24,"column":62}},{"start":{"line":24,"column":66},"end":{"line":24,"column":72}}],"line":24},"1":{"loc":{"start":{"line":37,"column":4},"end":{"line":40,"column":5}},"type":"if","locations":[{"start":{"line":37,"column":4},"end":{"line":40,"column":5}},{"start":{},"end":{}}],"line":37},"2":{"loc":{"start":{"line":50,"column":4},"end":{"line":52,"column":5}},"type":"if","locations":[{"start":{"line":50,"column":4},"end":{"line":52,"column":5}},{"start":{},"end":{}}],"line":50}},"s":{"0":0,"1":0,"2":0,"3":0,"4":0,"5":0,"6":0,"7":0,"8":0,"9":0,"10":0,"11":0,"12":0,"13":0,"14":0,"15":0,"16":0,"17":0,"18":0,"19":0,"20":0,"21":0,"22":0,"23":0},"f":{"0":0},"b":{"0":[0,0],"1":[0,0],"2":[0,0]}}
,"/Users/mpericica/Repositories/aem-experience-hub-ext-tpl/src/templates/src/aem-launchpad-1/actions/publish-events/index.js": {"path":"/Users/mpericica/Repositories/aem-experience-hub-ext-tpl/src/templates/src/aem-launchpad-1/actions/publish-events/index.js","statementMap":{"0":{"start":{"line":17,"column":25},"end":{"line":17,"column":50}},"1":{"start":{"line":18,"column":13},"end":{"line":18,"column":28}},"2":{"start":{"line":21,"column":4},"end":{"line":21,"column":26}},"3":{"start":{"line":22,"column":87},"end":{"line":22,"column":106}},"4":{"start":{"line":27,"column":17},"end":{"line":27,"column":75}},"5":{"start":{"line":29,"column":2},"end":{"line":77,"column":3}},"6":{"start":{"line":31,"column":4},"end":{"line":31,"column":42}},"7":{"start":{"line":34,"column":4},"end":{"line":34,"column":42}},"8":{"start":{"line":37,"column":27},"end":{"line":37,"column":75}},"9":{"start":{"line":38,"column":28},"end":{"line":38,"column":64}},"10":{"start":{"line":39,"column":25},"end":{"line":39,"column":91}},"11":{"start":{"line":40,"column":4},"end":{"line":43,"column":5}},"12":{"start":{"line":42,"column":6},"end":{"line":42,"column":53}},"13":{"start":{"line":46,"column":18},"end":{"line":46,"column":40}},"14":{"start":{"line":50,"column":18},"end":{"line":50,"column":56}},"15":{"start":{"line":51,"column":25},"end":{"line":51,"column":71}},"16":{"start":{"line":54,"column":23},"end":{"line":54,"column":92}},"17":{"start":{"line":57,"column":22},"end":{"line":57,"column":65}},"18":{"start":{"line":58,"column":21},"end":{"line":58,"column":24}},"19":{"start":{"line":59,"column":4},"end":{"line":64,"column":5}},"20":{"start":{"line":60,"column":6},"end":{"line":60,"column":57}},"21":{"start":{"line":61,"column":11},"end":{"line":64,"column":5}},"22":{"start":{"line":62,"column":6},"end":{"line":62,"column":88}},"23":{"start":{"line":63,"column":6},"end":{"line":63,"column":22}},"24":{"start":{"line":65,"column":21},"end":{"line":67,"column":5}},"25":{"start":{"line":70,"column":4},"end":{"line":70,"column":61}},"26":{"start":{"line":71,"column":4},"end":{"line":71,"column":19}},"27":{"start":{"line":74,"column":4},"end":{"line":74,"column":23}},"28":{"start":{"line":76,"column":4},"end":{"line":76,"column":53}},"29":{"start":{"line":81,"column":19},"end":{"line":87,"column":4}},"30":{"start":{"line":88,"column":2},"end":{"line":88,"column":19}},"31":{"start":{"line":90,"column":0},"end":{"line":90,"column":19}}},"fnMap":{"0":{"name":"main","decl":{"start":{"line":25,"column":15},"end":{"line":25,"column":19}},"loc":{"start":{"line":25,"column":29},"end":{"line":78,"column":1}},"line":25},"1":{"name":"createCloudEvent","decl":{"start":{"line":80,"column":9},"end":{"line":80,"column":25}},"loc":{"start":{"line":80,"column":58},"end":{"line":89,"column":1}},"line":80}},"branchMap":{"0":{"loc":{"start":{"line":27,"column":46},"end":{"line":27,"column":72}},"type":"binary-expr","locations":[{"start":{"line":27,"column":46},"end":{"line":27,"column":62}},{"start":{"line":27,"column":66},"end":{"line":27,"column":72}}],"line":27},"1":{"loc":{"start":{"line":40,"column":4},"end":{"line":43,"column":5}},"type":"if","locations":[{"start":{"line":40,"column":4},"end":{"line":43,"column":5}},{"start":{},"end":{}}],"line":40},"2":{"loc":{"start":{"line":59,"column":4},"end":{"line":64,"column":5}},"type":"if","locations":[{"start":{"line":59,"column":4},"end":{"line":64,"column":5}},{"start":{"line":61,"column":11},"end":{"line":64,"column":5}}],"line":59},"3":{"loc":{"start":{"line":61,"column":11},"end":{"line":64,"column":5}},"type":"if","locations":[{"start":{"line":61,"column":11},"end":{"line":64,"column":5}},{"start":{},"end":{}}],"line":61}},"s":{"0":0,"1":0,"2":0,"3":0,"4":0,"5":0,"6":0,"7":0,"8":0,"9":0,"10":0,"11":0,"12":0,"13":0,"14":0,"15":0,"16":0,"17":0,"18":0,"19":0,"20":0,"21":0,"22":0,"23":0,"24":0,"25":0,"26":0,"27":0,"28":0,"29":0,"30":0,"31":0},"f":{"0":0,"1":0},"b":{"0":[0,0],"1":[0,0],"2":[0,0],"3":[0,0]}}
,"/Users/mpericica/Repositories/aem-experience-hub-ext-tpl/src/templates/src/aem-launchpad-1/web-src/src/exc-runtime.js": {"path":"/Users/mpericica/Repositories/aem-experience-hub-ext-tpl/src/templates/src/aem-launchpad-1/web-src/src/exc-runtime.js","statementMap":{"0":{"start":{"line":14,"column":0},"end":{"line":14,"column":1085}},"1":{"start":{"line":14,"column":15},"end":{"line":14,"column":114}},"2":{"start":{"line":14,"column":49},"end":{"line":14,"column":114}},"3":{"start":{"line":14,"column":120},"end":{"line":14,"column":265}},"4":{"start":{"line":14,"column":138},"end":{"line":14,"column":186}},"5":{"start":{"line":14,"column":187},"end":{"line":14,"column":261}},"6":{"start":{"line":14,"column":266},"end":{"line":14,"column":323}},"7":{"start":{"line":14,"column":272},"end":{"line":14,"column":323}},"8":{"start":{"line":14,"column":323},"end":{"line":14,"column":431}},"9":{"start":{"line":14,"column":381},"end":{"line":14,"column":431}},"10":{"start":{"line":14,"column":431},"end":{"line":14,"column":638}},"11":{"start":{"line":14,"column":587},"end":{"line":14,"column":638}},"12":{"start":{"line":14,"column":638},"end":{"line":14,"column":729}},"13":{"start":{"line":14,"column":667},"end":{"line":14,"column":729}},"14":{"start":{"line":14,"column":729},"end":{"line":14,"column":805}},"15":{"start":{"line":14,"column":811},"end":{"line":14,"column":836}},"16":{"start":{"line":14,"column":837},"end":{"line":14,"column":1065}},"17":{"start":{"line":14,"column":907},"end":{"line":14,"column":1042}}},"fnMap":{"0":{"name":"(anonymous_0)","decl":{"start":{"line":14,"column":1},"end":{"line":14,"column":2}},"loc":{"start":{"line":14,"column":14},"end":{"line":14,"column":1066}},"line":14},"1":{"name":"(anonymous_1)","decl":{"start":{"line":14,"column":120},"end":{"line":14,"column":121}},"loc":{"start":{"line":14,"column":131},"end":{"line":14,"column":262}},"line":14},"2":{"name":"(anonymous_2)","decl":{"start":{"line":14,"column":896},"end":{"line":14,"column":897}},"loc":{"start":{"line":14,"column":906},"end":{"line":14,"column":1043}},"line":14}},"branchMap":{"0":{"loc":{"start":{"line":14,"column":15},"end":{"line":14,"column":114}},"type":"if","locations":[{"start":{"line":14,"column":15},"end":{"line":14,"column":114}},{"start":{},"end":{}}],"line":14},"1":{"loc":{"start":{"line":14,"column":194},"end":{"line":14,"column":261}},"type":"cond-expr","locations":[{"start":{"line":14,"column":211},"end":{"line":14,"column":212}},{"start":{"line":14,"column":213},"end":{"line":14,"column":261}}],"line":14},"2":{"loc":{"start":{"line":14,"column":194},"end":{"line":14,"column":210}},"type":"binary-expr","locations":[{"start":{"line":14,"column":194},"end":{"line":14,"column":195}},{"start":{"line":14,"column":197},"end":{"line":14,"column":210}}],"line":14},"3":{"loc":{"start":{"line":14,"column":266},"end":{"line":14,"column":323}},"type":"if","locations":[{"start":{"line":14,"column":266},"end":{"line":14,"column":323}},{"start":{},"end":{}}],"line":14},"4":{"loc":{"start":{"line":14,"column":323},"end":{"line":14,"column":431}},"type":"if","locations":[{"start":{"line":14,"column":323},"end":{"line":14,"column":431}},{"start":{},"end":{}}],"line":14},"5":{"loc":{"start":{"line":14,"column":431},"end":{"line":14,"column":638}},"type":"if","locations":[{"start":{"line":14,"column":431},"end":{"line":14,"column":638}},{"start":{},"end":{}}],"line":14},"6":{"loc":{"start":{"line":14,"column":434},"end":{"line":14,"column":586}},"type":"binary-expr","locations":[{"start":{"line":14,"column":434},"end":{"line":14,"column":536}},{"start":{"line":14,"column":538},"end":{"line":14,"column":586}}],"line":14},"7":{"loc":{"start":{"line":14,"column":638},"end":{"line":14,"column":729}},"type":"if","locations":[{"start":{"line":14,"column":638},"end":{"line":14,"column":729}},{"start":{},"end":{}}],"line":14},"8":{"loc":{"start":{"line":14,"column":729},"end":{"line":14,"column":804}},"type":"binary-expr","locations":[{"start":{"line":14,"column":729},"end":{"line":14,"column":741}},{"start":{"line":14,"column":743},"end":{"line":14,"column":804}}],"line":14},"9":{"loc":{"start":{"line":14,"column":907},"end":{"line":14,"column":1042}},"type":"binary-expr","locations":[{"start":{"line":14,"column":907},"end":{"line":14,"column":919}},{"start":{"line":14,"column":921},"end":{"line":14,"column":958}},{"start":{"line":14,"column":961},"end":{"line":14,"column":1041}}],"line":14},"10":{"loc":{"start":{"line":14,"column":1005},"end":{"line":14,"column":1041}},"type":"binary-expr","locations":[{"start":{"line":14,"column":1005},"end":{"line":14,"column":1023}},{"start":{"line":14,"column":1025},"end":{"line":14,"column":1041}}],"line":14}},"s":{"0":0,"1":0,"2":0,"3":0,"4":0,"5":0,"6":0,"7":0,"8":0,"9":0,"10":0,"11":0,"12":0,"13":0,"14":0,"15":0,"16":0,"17":0},"f":{"0":0,"1":0,"2":0},"b":{"0":[0,0],"1":[0,0],"2":[0,0],"3":[0,0],"4":[0,0],"5":[0,0],"6":[0,0],"7":[0,0],"8":[0,0],"9":[0,0,0],"10":[0,0]}}
,"/Users/mpericica/Repositories/aem-experience-hub-ext-tpl/src/templates/src/aem-launchpad-1/web-src/src/utils.js": {"path":"/Users/mpericica/Repositories/aem-experience-hub-ext-tpl/src/templates/src/aem-launchpad-1/web-src/src/utils.js","statementMap":{"0":{"start":{"line":20,"column":24},"end":{"line":23,"column":3}},"1":{"start":{"line":25,"column":22},"end":{"line":27,"column":3}},"2":{"start":{"line":29,"column":2},"end":{"line":31,"column":3}},"3":{"start":{"line":30,"column":4},"end":{"line":30,"column":46}},"4":{"start":{"line":33,"column":2},"end":{"line":33,"column":51}},"5":{"start":{"line":35,"column":2},"end":{"line":40,"column":3}},"6":{"start":{"line":36,"column":4},"end":{"line":36,"column":34}},"7":{"start":{"line":37,"column":4},"end":{"line":37,"column":87}},"8":{"start":{"line":37,"column":39},"end":{"line":37,"column":86}},"9":{"start":{"line":38,"column":9},"end":{"line":40,"column":3}},"10":{"start":{"line":39,"column":4},"end":{"line":39,"column":45}},"11":{"start":{"line":42,"column":19},"end":{"line":42,"column":54}},"12":{"start":{"line":44,"column":16},"end":{"line":44,"column":37}},"13":{"start":{"line":46,"column":2},"end":{"line":48,"column":3}},"14":{"start":{"line":47,"column":4},"end":{"line":47,"column":111}},"15":{"start":{"line":49,"column":2},"end":{"line":53,"column":3}},"16":{"start":{"line":50,"column":4},"end":{"line":50,"column":33}},"17":{"start":{"line":54,"column":2},"end":{"line":54,"column":16}}},"fnMap":{"0":{"name":"actionWebInvoke","decl":{"start":{"line":19,"column":15},"end":{"line":19,"column":30}},"loc":{"start":{"line":19,"column":100},"end":{"line":55,"column":1}},"line":19},"1":{"name":"(anonymous_1)","decl":{"start":{"line":37,"column":32},"end":{"line":37,"column":33}},"loc":{"start":{"line":37,"column":39},"end":{"line":37,"column":86}},"line":37}},"branchMap":{"0":{"loc":{"start":{"line":19,"column":43},"end":{"line":19,"column":55}},"type":"default-arg","locations":[{"start":{"line":19,"column":53},"end":{"line":19,"column":55}}],"line":19},"1":{"loc":{"start":{"line":19,"column":57},"end":{"line":19,"column":68}},"type":"default-arg","locations":[{"start":{"line":19,"column":66},"end":{"line":19,"column":68}}],"line":19},"2":{"loc":{"start":{"line":19,"column":70},"end":{"line":19,"column":98}},"type":"default-arg","locations":[{"start":{"line":19,"column":80},"end":{"line":19,"column":98}}],"line":19},"3":{"loc":{"start":{"line":29,"column":2},"end":{"line":31,"column":3}},"type":"if","locations":[{"start":{"line":29,"column":2},"end":{"line":31,"column":3}},{"start":{},"end":{}}],"line":29},"4":{"loc":{"start":{"line":35,"column":2},"end":{"line":40,"column":3}},"type":"if","locations":[{"start":{"line":35,"column":2},"end":{"line":40,"column":3}},{"start":{"line":38,"column":9},"end":{"line":40,"column":3}}],"line":35},"5":{"loc":{"start":{"line":38,"column":9},"end":{"line":40,"column":3}},"type":"if","locations":[{"start":{"line":38,"column":9},"end":{"line":40,"column":3}},{"start":{},"end":{}}],"line":38},"6":{"loc":{"start":{"line":46,"column":2},"end":{"line":48,"column":3}},"type":"if","locations":[{"start":{"line":46,"column":2},"end":{"line":48,"column":3}},{"start":{},"end":{}}],"line":46}},"s":{"0":0,"1":0,"2":0,"3":0,"4":0,"5":0,"6":0,"7":0,"8":0,"9":0,"10":0,"11":0,"12":0,"13":0,"14":0,"15":0,"16":0,"17":0},"f":{"0":0,"1":0},"b":{"0":[0],"1":[0],"2":[0],"3":[0,0],"4":[0,0],"5":[0,0],"6":[0,0]}}
,"/Users/mpericica/Repositories/aem-experience-hub-ext-tpl/src/templates/src/aem-launchpad-1/web-src/src/components/Constants.js": {"path":"/Users/mpericica/Repositories/aem-experience-hub-ext-tpl/src/templates/src/aem-launchpad-1/web-src/src/components/Constants.js","statementMap":{"0":{"start":{"line":5,"column":0},"end":{"line":7,"column":3}}},"fnMap":{},"branchMap":{},"s":{"0":0},"f":{},"b":{}}
}
