TN:
SF:src/index.js
FN:17,(anonymous_0)
FN:29,(anonymous_1)
FN:49,(anonymous_2)
FN:53,(anonymous_3)
FN:70,(anonymous_4)
FN:74,(anonymous_5)
FN:82,(anonymous_6)
FNF:7
FNH:7
FNDA:1,(anonymous_0)
FNDA:1,(anonymous_1)
FNDA:1,(anonymous_2)
FNDA:1,(anonymous_3)
FNDA:36,(anonymous_4)
FNDA:1,(anonymous_5)
FNDA:1,(anonymous_6)
DA:13,1
DA:14,1
DA:18,1
DA:20,1
DA:21,1
DA:23,1
DA:30,1
DA:45,1
DA:46,1
DA:50,1
DA:54,1
DA:56,1
DA:57,1
DA:60,1
DA:70,36
DA:75,1
DA:77,0
DA:79,0
DA:83,1
DA:84,1
DA:88,1
LF:21
LH:19
BRDA:35,0,0,1
BRDA:35,0,1,0
BRDA:41,1,0,1
BRDA:41,1,1,0
BRDA:45,2,0,1
BRDA:45,2,1,0
BRDA:46,3,0,1
BRDA:46,3,1,0
BRDA:56,4,0,1
BRDA:56,4,1,0
BRDA:75,5,0,1
BRDA:75,5,1,0
BRF:12
BRH:6
end_of_record
TN:
SF:src/templates/index.js
FNF:0
FNH:0
LF:0
LH:0
BRF:0
BRH:0
end_of_record
TN:
SF:src/templates/jest.setup.js
FN:3,(anonymous_0)
FN:4,(anonymous_1)
FNF:2
FNH:0
FNDA:0,(anonymous_0)
FNDA:0,(anonymous_1)
DA:1,0
DA:3,0
DA:4,0
LF:3
LH:0
BRF:0
BRH:0
end_of_record
TN:
SF:src/templates/actions/utils.js
FN:14,stringParameters
FN:36,getMissingKeys
FN:37,(anonymous_2)
FN:40,(anonymous_3)
FN:59,checkMissingRequestInputs
FN:63,(anonymous_5)
FN:93,getBearerToken
FN:115,errorResponse
FNF:8
FNH:8
FNDA:14,stringParameters
FNDA:44,getMissingKeys
FNDA:60,(anonymous_2)
FNDA:7,(anonymous_3)
FNDA:22,checkMissingRequestInputs
FNDA:22,(anonymous_5)
FNDA:15,getBearerToken
FNDA:8,errorResponse
DA:16,14
DA:17,14
DA:18,11
DA:20,14
DA:37,44
DA:38,60
DA:39,60
DA:40,60
DA:41,60
DA:60,22
DA:63,22
DA:65,22
DA:66,22
DA:67,4
DA:71,22
DA:72,22
DA:73,6
DA:74,2
DA:76,4
DA:78,6
DA:81,22
DA:94,15
DA:97,11
DA:99,4
DA:116,8
DA:117,7
DA:119,8
DA:129,3
LF:28
LH:28
BRDA:16,0,0,14
BRDA:16,0,1,2
BRDA:17,1,0,11
BRDA:17,1,1,3
BRDA:40,2,0,7
BRDA:40,2,1,1
BRDA:41,3,0,60
BRDA:41,3,1,44
BRDA:59,4,0,1
BRDA:59,5,0,8
BRDA:65,6,0,22
BRDA:65,6,1,11
BRDA:66,7,0,4
BRDA:66,7,1,18
BRDA:72,8,0,6
BRDA:72,8,1,16
BRDA:73,9,0,2
BRDA:73,9,1,4
BRDA:94,10,0,11
BRDA:94,10,1,4
BRDA:94,11,0,15
BRDA:94,11,1,14
BRDA:94,11,2,13
BRDA:116,12,0,7
BRDA:116,12,1,1
BRDA:116,13,0,8
BRDA:116,13,1,7
BRF:27
BRH:27
end_of_record
TN:
SF:src/templates/actions/generic/index.js
FN:19,main
FNF:1
FNH:1
FNDA:5,main
DA:14,1
DA:15,1
DA:16,1
DA:21,5
DA:23,5
DA:25,5
DA:28,5
DA:31,5
DA:32,5
DA:33,5
DA:34,5
DA:36,1
DA:40,4
DA:43,4
DA:46,4
DA:47,3
DA:48,1
DA:50,1
DA:51,1
DA:57,1
DA:58,1
DA:61,3
DA:63,3
DA:67,1
LF:24
LH:24
BRDA:21,0,0,5
BRDA:21,0,1,4
BRDA:34,1,0,1
BRDA:34,1,1,4
BRDA:47,2,0,1
BRDA:47,2,1,1
BRF:6
BRH:6
end_of_record
TN:
SF:src/templates/actions/publish-events/index.js
FN:22,main
FN:77,createCloudEvent
FNF:2
FNH:2
FNDA:6,main
FNDA:5,createCloudEvent
DA:14,1
DA:15,1
DA:18,1
DA:19,1
DA:24,6
DA:26,6
DA:28,6
DA:31,6
DA:34,6
DA:35,6
DA:36,6
DA:37,6
DA:39,1
DA:43,5
DA:47,5
DA:48,5
DA:51,5
DA:54,5
DA:55,4
DA:56,4
DA:57,1
DA:58,3
DA:59,3
DA:60,3
DA:62,4
DA:67,4
DA:68,4
DA:71,1
DA:73,1
DA:78,5
DA:85,5
DA:87,1
LF:32
LH:32
BRDA:24,0,0,6
BRDA:24,0,1,5
BRDA:37,1,0,1
BRDA:37,1,1,5
BRDA:56,2,0,1
BRDA:56,2,1,3
BRDA:58,3,0,3
BRDA:58,3,1,0
BRF:8
BRH:7
end_of_record
TN:
SF:src/templates/hooks/post-deploy.js
FN:5,(anonymous_0)
FNF:1
FNH:0
FNDA:0,(anonymous_0)
DA:1,0
DA:2,0
DA:3,0
DA:5,0
DA:6,0
DA:8,0
DA:9,0
DA:10,0
DA:13,0
DA:14,0
DA:20,0
DA:21,0
DA:24,0
DA:25,0
LF:14
LH:0
BRDA:24,0,0,0
BRDA:24,0,1,0
BRF:2
BRH:0
end_of_record
TN:
SF:src/templates/src/aem-launchpad-1/actions/utils.js
FN:14,stringParameters
FN:36,getMissingKeys
FN:37,(anonymous_2)
FN:40,(anonymous_3)
FN:59,checkMissingRequestInputs
FN:63,(anonymous_5)
FN:93,getBearerToken
FN:115,errorResponse
FNF:8
FNH:0
FNDA:0,stringParameters
FNDA:0,getMissingKeys
FNDA:0,(anonymous_2)
FNDA:0,(anonymous_3)
FNDA:0,checkMissingRequestInputs
FNDA:0,(anonymous_5)
FNDA:0,getBearerToken
FNDA:0,errorResponse
DA:16,0
DA:17,0
DA:18,0
DA:20,0
DA:37,0
DA:38,0
DA:39,0
DA:40,0
DA:41,0
DA:60,0
DA:63,0
DA:65,0
DA:66,0
DA:67,0
DA:71,0
DA:72,0
DA:73,0
DA:74,0
DA:76,0
DA:78,0
DA:81,0
DA:94,0
DA:97,0
DA:99,0
DA:116,0
DA:117,0
DA:119,0
DA:129,0
LF:28
LH:0
BRDA:16,0,0,0
BRDA:16,0,1,0
BRDA:17,1,0,0
BRDA:17,1,1,0
BRDA:40,2,0,0
BRDA:40,2,1,0
BRDA:41,3,0,0
BRDA:41,3,1,0
BRDA:59,4,0,0
BRDA:59,5,0,0
BRDA:65,6,0,0
BRDA:65,6,1,0
BRDA:66,7,0,0
BRDA:66,7,1,0
BRDA:72,8,0,0
BRDA:72,8,1,0
BRDA:73,9,0,0
BRDA:73,9,1,0
BRDA:94,10,0,0
BRDA:94,10,1,0
BRDA:94,11,0,0
BRDA:94,11,1,0
BRDA:94,11,2,0
BRDA:116,12,0,0
BRDA:116,12,1,0
BRDA:116,13,0,0
BRDA:116,13,1,0
BRF:27
BRH:0
end_of_record
TN:
SF:src/templates/src/aem-launchpad-1/actions/generic/index.js
FN:18,main
FNF:1
FNH:0
FNDA:0,main
DA:13,0
DA:14,0
DA:15,0
DA:20,0
DA:22,0
DA:24,0
DA:27,0
DA:30,0
DA:31,0
DA:32,0
DA:33,0
DA:35,0
DA:39,0
DA:42,0
DA:45,0
DA:46,0
DA:47,0
DA:49,0
DA:50,0
DA:56,0
DA:57,0
DA:60,0
DA:62,0
DA:66,0
LF:24
LH:0
BRDA:20,0,0,0
BRDA:20,0,1,0
BRDA:33,1,0,0
BRDA:33,1,1,0
BRDA:46,2,0,0
BRDA:46,2,1,0
BRF:6
BRH:0
end_of_record
TN:
SF:src/templates/src/aem-launchpad-1/actions/publish-events/index.js
FN:23,main
FN:78,createCloudEvent
FNF:2
FNH:0
FNDA:0,main
FNDA:0,createCloudEvent
DA:15,0
DA:16,0
DA:19,0
DA:20,0
DA:25,0
DA:27,0
DA:29,0
DA:32,0
DA:35,0
DA:36,0
DA:37,0
DA:38,0
DA:40,0
DA:44,0
DA:48,0
DA:49,0
DA:52,0
DA:55,0
DA:56,0
DA:57,0
DA:58,0
DA:59,0
DA:60,0
DA:61,0
DA:63,0
DA:68,0
DA:69,0
DA:72,0
DA:74,0
DA:79,0
DA:86,0
DA:88,0
LF:32
LH:0
BRDA:25,0,0,0
BRDA:25,0,1,0
BRDA:38,1,0,0
BRDA:38,1,1,0
BRDA:57,2,0,0
BRDA:57,2,1,0
BRDA:59,3,0,0
BRDA:59,3,1,0
BRF:8
BRH:0
end_of_record
TN:
SF:src/templates/src/aem-launchpad-1/web-src/src/exc-runtime.js
FN:10,(anonymous_0)
FN:10,(anonymous_1)
FN:10,(anonymous_2)
FNF:3
FNH:0
FNDA:0,(anonymous_0)
FNDA:0,(anonymous_1)
FNDA:0,(anonymous_2)
DA:10,0
LF:1
LH:0
BRDA:10,0,0,0
BRDA:10,0,1,0
BRDA:10,1,0,0
BRDA:10,1,1,0
BRDA:10,2,0,0
BRDA:10,2,1,0
BRDA:10,3,0,0
BRDA:10,3,1,0
BRDA:10,4,0,0
BRDA:10,4,1,0
BRDA:10,5,0,0
BRDA:10,5,1,0
BRDA:10,6,0,0
BRDA:10,6,1,0
BRDA:10,7,0,0
BRDA:10,7,1,0
BRDA:10,8,0,0
BRDA:10,8,1,0
BRDA:10,9,0,0
BRDA:10,9,1,0
BRDA:10,9,2,0
BRDA:10,10,0,0
BRDA:10,10,1,0
BRF:23
BRH:0
end_of_record
TN:
SF:src/templates/src/aem-launchpad-1/web-src/src/utils.js
FN:15,actionWebInvoke
FN:33,(anonymous_1)
FNF:2
FNH:0
FNDA:0,actionWebInvoke
FNDA:0,(anonymous_1)
DA:16,0
DA:21,0
DA:25,0
DA:26,0
DA:29,0
DA:31,0
DA:32,0
DA:33,0
DA:34,0
DA:35,0
DA:38,0
DA:40,0
DA:42,0
DA:43,0
DA:45,0
DA:46,0
DA:50,0
LF:17
LH:0
BRDA:15,0,0,0
BRDA:15,1,0,0
BRDA:15,2,0,0
BRDA:25,3,0,0
BRDA:25,3,1,0
BRDA:31,4,0,0
BRDA:31,4,1,0
BRDA:34,5,0,0
BRDA:34,5,1,0
BRDA:42,6,0,0
BRDA:42,6,1,0
BRF:11
BRH:0
end_of_record
TN:
SF:src/templates/src/aem-launchpad-1/web-src/src/components/Constants.js
FNF:0
FNH:0
DA:1,0
LF:1
LH:0
BRF:0
BRH:0
end_of_record
